0 silly argv {
0 silly argv   _: [ 'run' ],
0 silly argv   lernaVersion: '5.6.2',
0 silly argv   '$0': '/Users/MMoss/Workspace/createjs-accessibility/node_modules/.bin/lerna',
0 silly argv   script: 'build'
0 silly argv }
1 notice cli v5.6.2
2 verbose rootPath /Users/MMoss/Workspace/createjs-accessibility
3 info versioning independent
4 error JSONError: Unexpected token "}" (0x7D) in JSON at position 1238 while parsing near "...tejs\": \"^0.0.29\",\n  },\n  \"dependencies\":..." in packages/createjs-adapter/package.json
4 error
4 error [0m [90m 43 |[39m   [32m"devDependencies"[39m[33m:[39m {[0m
4 error [0m [90m 44 |[39m     [32m"@types/createjs"[39m[33m:[39m [32m"^0.0.29"[39m[33m,[39m[0m
4 error [0m[31m[1m>[22m[39m[90m 45 |[39m   }[33m,[39m[0m
4 error [0m [90m    |[39m   [31m[1m^[22m[39m[0m
4 error [0m [90m 46 |[39m   [32m"dependencies"[39m[33m:[39m {[0m
4 error [0m [90m 47 |[39m     [32m"@curriculumassociates/accessibility-core"[39m[33m:[39m [32m"^2.0.0"[39m[0m
4 error [0m [90m 48 |[39m   }[0m
4 error
4 error     at parseJson (/Users/MMoss/Workspace/createjs-accessibility/node_modules/parse-json/index.js:29:21)
4 error     at parse (/Users/MMoss/Workspace/createjs-accessibility/node_modules/load-json-file/index.js:15:9)
4 error     at module.exports (/Users/MMoss/Workspace/createjs-accessibility/node_modules/load-json-file/index.js:18:47)
